Arguments: 
  C:\Program Files\nodejs\node.exe C:\Program Files (x86)\Yarn\bin\yarn.js init -i

PATH: 
  C:\cmder\vendor\conemu-maximus5\ConEmu\Scripts;C:\cmder\vendor\conemu-maximus5;C:\cmder\vendor\conemu-maximus5\ConEmu;C:\ProgramData\DockerDesktop\version-bin;C:\Program Files\Docker\Docker\Resources\bin;C:\app\rafael.barreto\product\11.2.0\client_2;C:\app\rafael.barreto\product\11.2.0\client_1;C:\Python27\;C:\Python27\Scripts;C:\Program Files\Microsoft MPI\Bin\;C:\Program Files (x86)\Common Files\Oracle\Java\javapath;C:\WINDOWS\system32;C:\WINDOWS;C:\WINDOWS\System32\Wbem;C:\WINDOWS\System32\WindowsPowerShell\v1.0\;C:\WINDOWS\System32\OpenSSH\;C:\Program Files\dotnet\;C:\Users\rafael.barreto\AppData\Roaming\nvm;C:\Program Files\nodejs;C:\Program Files (x86)\Microsoft SQL Server\Client SDK\ODBC\130\Tools\Binn\;C:\Program Files (x86)\Microsoft SQL Server\140\Tools\Binn\;C:\Program Files (x86)\Microsoft SQL Server\140\DTS\Binn\;C:\Program Files (x86)\Microsoft SQL Server\140\Tools\Binn\ManagementStudio\;C:\Program Files\Microsoft SQL Server\130\Tools\Binn\;C:\Program Files\Microsoft SQL Server\140\Tools\Binn\;C:\Program Files\Microsoft SQL Server\140\DTS\Binn\;C:\Program Files\Microsoft SQL Server\Client SDK\ODBC\130\Tools\Binn\;C:\WINDOWS\system32\config\systemprofile\.dnx\bin;C:\Program Files\Microsoft DNX\Dnvm\;C:\Program Files (x86)\Brackets\command;C:\Program Files\Microsoft SQL Server\Client SDK\ODBC\110\Tools\Binn\;C:\Program Files (x86)\Microsoft SQL Server\120\Tools\Binn\;C:\Program Files\Microsoft SQL Server\120\Tools\Binn\;C:\Program Files\Microsoft SQL Server\120\DTS\Binn\;C:\ProgramData\chocolatey\bin;C:\Program Files\Java\jdk1.8.0_211\bin;C:\Program Files\Git\cmd;C:\Program Files (x86)\Yarn\bin\;C:\Program Files\nodejs\;C:\WINDOWS\system32\config\systemprofile\scoop\shims;C:\Users\rafael.barreto\.dnx\runtimes\dnx-clr-win-x86.1.0.0-rc1-update2\bin;C:\Users\rafael.barreto\.dnx\bin;C:\Users\rafael.barreto\AppData\Local\Microsoft\WindowsApps;C:\Users\rafael.barreto\AppData\Local\Programs\Microsoft VS Code Insiders\bin;C:\Users\rafael.barreto\AppData\Roaming\nvm;C:\Program Files\nodejs;C:\Users\rafael.barreto\.dotnet\tools;C:\Program Files\JetBrains\IntelliJ IDEA Community Edition 2018.3.1\bin;C:\Program Files\MongoDB\Server\4.0\bin;C:\Program Files\Genymobile\Genymotion\tools;C:\Users\rafael.barreto\AppData\Local\atom\bin;C:\Users\rafael.barreto\AppData\Local\GitHubDesktop\bin;C:\flutter\bin;C:\Android\SDK\platform-tools;C:\Android\SDK\tools;;C:\Users\rafael.barreto\AppData\Local\Microsoft\WindowsApps;C:\Users\rafael.barreto\AppData\Local\hyper\app-3.0.2\resources\bin;C:\Users\rafael.barreto\AppData\Local\Yarn\bin;C:\Users\rafael.barreto\AppData\Roaming\npm

Yarn version: 
  1.17.3

Node version: 
  12.8.0

Platform: 
  win32 x64

Trace: 
  Error: canceled
      at Interface.<anonymous> (C:\Program Files (x86)\Yarn\lib\cli.js:136724:13)
      at Interface.emit (events.js:203:13)
      at Interface._ttyWrite (readline.js:880:16)
      at ReadStream.onkeypress (readline.js:191:10)
      at ReadStream.emit (events.js:203:13)
      at emitKeys (internal/readline/utils.js:414:14)
      at emitKeys.next (<anonymous>)
      at ReadStream.onData (readline.js:1146:36)
      at ReadStream.emit (events.js:203:13)
      at addChunk (_stream_readable.js:295:12)

npm manifest: 
  No manifest

yarn manifest: 
  No manifest

Lockfile: 
  No lockfile
